<?xml version="1.0" encoding="UTF-8"?>
<!-- Generated by org.testng.reporters.JUnitXMLReporter -->
<testsuite hostname="Vuyo-HP" ignored="5" name="Test" tests="3" failures="0" timestamp="14 Jun 2019 11:56:29 GMT" time="35.889" errors="0">
  <testcase name="homePageTitleTest" time="13.042" classname="pages.HomePage.HomePageTitle"/>
  <testcase name="testLoginAdmin" time="5.725" classname="pages.LoginAdmin.TestLoginAdmin"/>
  <testcase name="testNavigateToMarketingAndSalesService" time="17.075" classname="pages.AdminMainMenu.TestAdminMenu"/>
  <testcase name="testNavigateToReportProblem" time="0.0" classname="pages.MainMenu.MainMenu">
    <ignored/>
  </testcase> <!-- testNavigateToReportProblem -->
  <testcase name="testLogin" time="0.0" classname="pages.loginPage.LoginTest">
    <ignored/>
  </testcase> <!-- testLogin -->
  <testcase name="testSearchForProbleByProblemNumber" time="0.0" classname="pages.OpenRequests.TestOpenRequests">
    <ignored/>
  </testcase> <!-- testSearchForProbleByProblemNumber -->
  <testcase name="testLogout" time="0.0" classname="pages.ReportProblem.ReportProblem">
    <ignored/>
  </testcase> <!-- testLogout -->
  <testcase name="testSubmitReportProblem" time="0.0" classname="pages.ReportProblem.ReportProblem">
    <ignored/>
  </testcase> <!-- testSubmitReportProblem -->
</testsuite> <!-- Test -->
