<?xml version="1.0" encoding="UTF-8"?>
<!-- Generated by org.testng.reporters.JUnitXMLReporter -->
<testsuite hostname="Vuyo-HP" ignored="0" name="Command line test" tests="3" failures="3" timestamp="13 Jun 2019 06:43:55 GMT" time="3.105" errors="0">
  <testcase name="testLogin" time="0.029" classname="pages.loginPage.LoginTest">
    <failure type="java.lang.NullPointerException">
      <![CDATA[java.lang.NullPointerException
	at pages.loginPage.LoginTest.testLogin(LoginTest.java:21)
... Removed 35 stack frames]]>
    </failure>
  </testcase> <!-- testLogin -->
  <testcase name="testLoginAdmin" time="0.001" classname="pages.LoginAdmin.TestLoginAdmin">
    <failure type="java.lang.NullPointerException">
      <![CDATA[java.lang.NullPointerException
	at pages.LoginAdmin.TestLoginAdmin.testLoginAdmin(TestLoginAdmin.java:19)
... Removed 35 stack frames]]>
    </failure>
  </testcase> <!-- testLoginAdmin -->
  <testcase name="testNavigateToOpenRequests" time="3.001" classname="pages.AdminMainMenu.TestAdminMenu">
    <failure type="java.lang.NullPointerException">
      <![CDATA[java.lang.NullPointerException
	at pages.AdminMainMenu.TestAdminMenu.testNavigateToOpenRequests(TestAdminMenu.java:20)
... Removed 35 stack frames]]>
    </failure>
  </testcase> <!-- testNavigateToOpenRequests -->
</testsuite> <!-- Command line test -->
