<?xml version="1.0" encoding="UTF-8"?>
<!-- Generated by org.testng.reporters.JUnitXMLReporter -->
<testsuite hostname="Vuyo-HP" ignored="4" name="Command line test" tests="13" failures="13" timestamp="27 Jun 2019 09:46:22 GMT" time="36.191" errors="0">
  <testcase name="testLoginAdmin" time="0.0" classname="pages.LoginAdmin.TestLoginAdmin">
    <failure type="org.testng.TestNGException" message="
Method public void pages.LoginAdmin.TestLoginAdmin.testLoginAdmin(java.lang.String,java.lang.String) throws java.lang.InterruptedException requires a @DataProvider named : loginData">
      <![CDATA[org.testng.TestNGException: 
Method public void pages.LoginAdmin.TestLoginAdmin.testLoginAdmin(java.lang.String,java.lang.String) throws java.lang.InterruptedException requires a @DataProvider named : loginData
... Removed 32 stack frames]]>
    </failure>
  </testcase> <!-- testLoginAdmin -->
  <testcase name="testNavigateToMarketingAndSalesService" time="3.046" classname="pages.AdminMainMenu.TestAdminMenu">
    <failure type="java.lang.NullPointerException">
      <![CDATA[java.lang.NullPointerException
	at com.test.NIMS.pages.AdminMainMenuPage.navigateToMarketingAndSales(AdminMainMenuPage.java:41)
	at pages.AdminMainMenu.TestAdminMenu.testNavigateToMarketingAndSalesService(TestAdminMenu.java:14)
... Removed 35 stack frames]]>
    </failure>
  </testcase> <!-- testNavigateToMarketingAndSalesService -->
  <testcase name="testClickOnCRMRefNr" time="3.015" classname="pages.AdminMainMenu.TestAdminMenu">
    <failure type="java.lang.NullPointerException">
      <![CDATA[java.lang.NullPointerException
	at com.test.NIMS.pages.AdminMainMenuPage.clickOnCRFLink(AdminMainMenuPage.java:68)
	at pages.AdminMainMenu.TestAdminMenu.testClickOnCRMRefNr(TestAdminMenu.java:33)
... Removed 35 stack frames]]>
    </failure>
  </testcase> <!-- testClickOnCRMRefNr -->
  <testcase name="testSOWOpportunityDetails" time="3.015" classname="pages.SOWDetails.TestSOWDetails">
    <failure type="java.lang.NullPointerException">
      <![CDATA[java.lang.NullPointerException
	at com.test.NIMS.locators.SOWDetailsPageLocators.getDatePickers(SOWDetailsPageLocators.java:112)
	at com.test.NIMS.pages.SOWDetailsPage.populateSOWOpportunityDetails(SOWDetailsPage.java:24)
	at pages.SOWDetails.TestSOWDetails.testSOWOpportunityDetails(TestSOWDetails.java:16)
... Removed 35 stack frames]]>
    </failure>
  </testcase> <!-- testSOWOpportunityDetails -->
  <testcase name="testSOWDimensionDetails" time="3.015" classname="pages.SOWDetails.TestSOWDetails">
    <failure type="java.lang.NullPointerException">
      <![CDATA[java.lang.NullPointerException
	at com.test.NIMS.pages.SOWDetailsPage.populateSOWDimensionDetails(SOWDetailsPage.java:56)
	at pages.SOWDetails.TestSOWDetails.testSOWDimensionDetails(TestSOWDetails.java:23)
... Removed 35 stack frames]]>
    </failure>
  </testcase> <!-- testSOWDimensionDetails -->
  <testcase name="testSOWDetails" time="3.014" classname="pages.SOWDetails.TestSOWDetails">
    <failure type="java.lang.NullPointerException">
      <![CDATA[java.lang.NullPointerException
	at com.test.NIMS.pages.SOWDetailsPage.populateSOWDetails(SOWDetailsPage.java:76)
	at pages.SOWDetails.TestSOWDetails.testSOWDetails(TestSOWDetails.java:30)
... Removed 35 stack frames]]>
    </failure>
  </testcase> <!-- testSOWDetails -->
  <testcase name="testApprovals" time="3.015" classname="pages.SOWDetails.TestSOWDetails">
    <failure type="java.lang.NullPointerException">
      <![CDATA[java.lang.NullPointerException
	at com.test.NIMS.pages.SOWDetailsPage.populateApprovals(SOWDetailsPage.java:213)
	at pages.SOWDetails.TestSOWDetails.testApprovals(TestSOWDetails.java:37)
... Removed 35 stack frames]]>
    </failure>
  </testcase> <!-- testApprovals -->
  <testcase name="testBillingClientInformation" time="3.001" classname="pages.SOWDetails.TestSOWDetails">
    <failure type="java.lang.NullPointerException">
      <![CDATA[java.lang.NullPointerException
	at com.test.NIMS.pages.SOWDetailsPage.populateBillingInformationDetails(SOWDetailsPage.java:232)
	at pages.SOWDetails.TestSOWDetails.testBillingClientInformation(TestSOWDetails.java:44)
... Removed 35 stack frames]]>
    </failure>
  </testcase> <!-- testBillingClientInformation -->
  <testcase name="testProjectBillingInformation" time="3.0" classname="pages.SOWDetails.TestSOWDetails">
    <failure type="java.lang.NullPointerException">
      <![CDATA[java.lang.NullPointerException
	at com.test.NIMS.pages.SOWDetailsPage.populateProjectInformationDetails(SOWDetailsPage.java:263)
	at pages.SOWDetails.TestSOWDetails.testProjectBillingInformation(TestSOWDetails.java:51)
... Removed 35 stack frames]]>
    </failure>
  </testcase> <!-- testProjectBillingInformation -->
  <testcase name="testTeamSplit" time="3.0" classname="pages.SOWDetails.TestSOWDetails">
    <failure type="java.lang.NullPointerException">
      <![CDATA[java.lang.NullPointerException
	at com.test.NIMS.pages.SOWDetailsPage.populateteamSplit(SOWDetailsPage.java:295)
	at pages.SOWDetails.TestSOWDetails.testTeamSplit(TestSOWDetails.java:59)
... Removed 35 stack frames]]>
    </failure>
  </testcase> <!-- testTeamSplit -->
  <testcase name="testSubmitSOW" time="3.0" classname="pages.SOWDetails.TestSOWDetails">
    <failure type="java.lang.NullPointerException">
      <![CDATA[java.lang.NullPointerException
	at com.test.NIMS.pages.SOWDetailsPage.submit(SOWDetailsPage.java:396)
	at pages.SOWDetails.TestSOWDetails.testSubmitSOW(TestSOWDetails.java:69)
... Removed 35 stack frames]]>
    </failure>
  </testcase> <!-- testSubmitSOW -->
  <testcase name="testSearchByCRMRefNo" time="3.003" classname="pages.SOWDetails.TestSearchAndApproveSOWWorkHead">
    <failure type="java.lang.NullPointerException">
      <![CDATA[java.lang.NullPointerException
	at com.test.NIMS.pages.SearchSOWDetailsPage.searchByCRMRefNo(SearchSOWDetailsPage.java:24)
	at pages.SOWDetails.TestSearchAndApproveSOWWorkHead.testSearchByCRMRefNo(TestSearchAndApproveSOWWorkHead.java:11)
... Removed 35 stack frames]]>
    </failure>
  </testcase> <!-- testSearchByCRMRefNo -->
  <testcase name="testApproveWorkhead" time="3.0" classname="pages.SOWDetails.TestSearchAndApproveSOWWorkHead">
    <failure type="java.lang.NullPointerException">
      <![CDATA[java.lang.NullPointerException
	at com.test.NIMS.locators.SOWDetailsPageLocators.getDatePickers(SOWDetailsPageLocators.java:112)
	at com.test.NIMS.pages.SearchSOWDetailsPage.approveWorkHead(SearchSOWDetailsPage.java:131)
	at pages.SOWDetails.TestSearchAndApproveSOWWorkHead.testApproveWorkhead(TestSearchAndApproveSOWWorkHead.java:18)
... Removed 35 stack frames]]>
    </failure>
  </testcase> <!-- testApproveWorkhead -->
  <testcase name="testNavigateToPendingSOWWorkHead" time="0.0" classname="pages.AdminMainMenu.TestAdminMenu">
    <ignored/>
  </testcase> <!-- testNavigateToPendingSOWWorkHead -->
  <testcase name="testLoginAdmin2" time="0.0" classname="pages.LoginAdmin.TestLoginAdmin">
    <ignored/>
  </testcase> <!-- testLoginAdmin2 -->
  <testcase name="testSearchForProbleByProblemNumber" time="0.0" classname="pages.OpenRequests.TestOpenRequests">
    <ignored/>
  </testcase> <!-- testSearchForProbleByProblemNumber -->
  <testcase name="testLogout" time="0.0" classname="pages.SOWDetails.TestSOWDetails">
    <ignored/>
  </testcase> <!-- testLogout -->
</testsuite> <!-- Command line test -->
