-------------------------------------------------------------------------------
Test set: pages.loginPage.LoginTest
-------------------------------------------------------------------------------
Tests run: 1, Failures: 1, Errors: 0, Skipped: 0, Time elapsed: 5.525 sec <<< FAILURE!
testLogin(pages.loginPage.LoginTest)  Time elapsed: 0.036 sec  <<< FAILURE!
java.lang.NullPointerException
	at pages.loginPage.LoginTest.testLogin(LoginTest.java:21)

