<?xml version="1.0" encoding="UTF-8" ?>
<testsuite tests="13" failures="13" name="TestSuite" time="40.577" errors="0" skipped="0">
  <properties>
[...]
</properties>
  <testcase classname="pages.LoginAdmin.TestLoginAdmin" name="testLoginAdmin" time="4.44">
    <failure message="
Method public void pages.LoginAdmin.TestLoginAdmin.testLoginAdmin(java.lang.String,java.lang.String) throws java.lang.InterruptedException requires a @DataProvider named : loginData" type="org.testng.TestNGException">org.testng.TestNGException: 
Method public void pages.LoginAdmin.TestLoginAdmin.testLoginAdmin(java.lang.String,java.lang.String) throws java.lang.InterruptedException requires a @DataProvider named : loginData
	at org.testng.internal.Parameters.findDataProvider(Parameters.java:336)
	at org.testng.internal.Parameters.handleParameters(Parameters.java:498)
	at org.testng.internal.Invoker.handleParameters(Invoker.java:1293)
	at org.testng.internal.Invoker.createParameters(Invoker.java:1020)
	at org.testng.internal.Invoker.invokeTestMethods(Invoker.java:1110)
	at org.testng.internal.TestMethodWorker.invokeTestMethods(TestMethodWorker.java:129)
	at org.testng.internal.TestMethodWorker.run(TestMethodWorker.java:112)
	at org.testng.TestRunner.privateRun(TestRunner.java:756)
	at org.testng.TestRunner.run(TestRunner.java:610)
	at org.testng.SuiteRunner.runTest(SuiteRunner.java:387)
	at org.testng.SuiteRunner.runSequentially(SuiteRunner.java:382)
	at org.testng.SuiteRunner.privateRun(SuiteRunner.java:340)
	at org.testng.SuiteRunner.run(SuiteRunner.java:289)
	at org.testng.SuiteRunnerWorker.runSuite(SuiteRunnerWorker.java:52)
	at org.testng.SuiteRunnerWorker.run(SuiteRunnerWorker.java:86)
	at org.testng.TestNG.runSuitesSequentially(TestNG.java:1293)
	at org.testng.TestNG.runSuitesLocally(TestNG.java:1218)
	at org.testng.TestNG.runSuites(TestNG.java:1133)
	at org.testng.TestNG.run(TestNG.java:1104)
	at org.apache.maven.surefire.testng.TestNGExecutor.run(TestNGExecutor.java:77)
	at org.apache.maven.surefire.testng.TestNGDirectoryTestSuite.executeMulti(TestNGDirectoryTestSuite.java:159)
	at org.apache.maven.surefire.testng.TestNGDirectoryTestSuite.execute(TestNGDirectoryTestSuite.java:99)
	at org.apache.maven.surefire.testng.TestNGProvider.invoke(TestNGProvider.java:106)
	at sun.reflect.NativeMethodAccessorImpl.invoke0(Native Method)
	at sun.reflect.NativeMethodAccessorImpl.invoke(NativeMethodAccessorImpl.java:62)
	at sun.reflect.DelegatingMethodAccessorImpl.invoke(DelegatingMethodAccessorImpl.java:43)
	at java.lang.reflect.Method.invoke(Method.java:498)
	at org.apache.maven.surefire.util.ReflectionUtils.invokeMethodWithArray(ReflectionUtils.java:189)
	at org.apache.maven.surefire.booter.ProviderFactory$ProviderProxy.invoke(ProviderFactory.java:165)
	at org.apache.maven.surefire.booter.ProviderFactory.invokeProvider(ProviderFactory.java:85)
	at org.apache.maven.surefire.booter.ForkedBooter.runSuitesInProcess(ForkedBooter.java:115)
	at org.apache.maven.surefire.booter.ForkedBooter.main(ForkedBooter.java:75)
</failure>
    <system-out>Configuring TestNG with: org.apache.maven.surefire.testng.conf.TestNG652Configurator@6a6824be
</system-out>
    <system-err>[Error] org.testng.TestNGException: 
Method public void pages.LoginAdmin.TestLoginAdmin.testLoginAdmin(java.lang.String,java.lang.String) throws java.lang.InterruptedException requires a @DataProvider named : loginData
	at org.testng.internal.Parameters.findDataProvider(Parameters.java:336)
	at org.testng.internal.Parameters.handleParameters(Parameters.java:498)
	at org.testng.internal.Invoker.handleParameters(Invoker.java:1293)
	at org.testng.internal.Invoker.createParameters(Invoker.java:1020)
	at org.testng.internal.Invoker.invokeTestMethods(Invoker.java:1110)
	at org.testng.internal.TestMethodWorker.invokeTestMethods(TestMethodWorker.java:129)
	at org.testng.internal.TestMethodWorker.run(TestMethodWorker.java:112)
	at org.testng.TestRunner.privateRun(TestRunner.java:756)
	at org.testng.TestRunner.run(TestRunner.java:610)
	at org.testng.SuiteRunner.runTest(SuiteRunner.java:387)
	at org.testng.SuiteRunner.runSequentially(SuiteRunner.java:382)
	at org.testng.SuiteRunner.privateRun(SuiteRunner.java:340)
	at org.testng.SuiteRunner.run(SuiteRunner.java:289)
	at org.testng.SuiteRunnerWorker.runSuite(SuiteRunnerWorker.java:52)
	at org.testng.SuiteRunnerWorker.run(SuiteRunnerWorker.java:86)
	at org.testng.TestNG.runSuitesSequentially(TestNG.java:1293)
	at org.testng.TestNG.runSuitesLocally(TestNG.java:1218)
	at org.testng.TestNG.runSuites(TestNG.java:1133)
	at org.testng.TestNG.run(TestNG.java:1104)
	at org.apache.maven.surefire.testng.TestNGExecutor.run(TestNGExecutor.java:77)
	at org.apache.maven.surefire.testng.TestNGDirectoryTestSuite.executeMulti(TestNGDirectoryTestSuite.java:159)
	at org.apache.maven.surefire.testng.TestNGDirectoryTestSuite.execute(TestNGDirectoryTestSuite.java:99)
	at org.apache.maven.surefire.testng.TestNGProvider.invoke(TestNGProvider.java:106)
	at sun.reflect.NativeMethodAccessorImpl.invoke0(Native Method)
	at sun.reflect.NativeMethodAccessorImpl.invoke(NativeMethodAccessorImpl.java:62)
	at sun.reflect.DelegatingMethodAccessorImpl.invoke(DelegatingMethodAccessorImpl.java:43)
	at java.lang.reflect.Method.invoke(Method.java:498)
	at org.apache.maven.surefire.util.ReflectionUtils.invokeMethodWithArray(ReflectionUtils.java:189)
	at org.apache.maven.surefire.booter.ProviderFactory$ProviderProxy.invoke(ProviderFactory.java:165)
	at org.apache.maven.surefire.booter.ProviderFactory.invokeProvider(ProviderFactory.java:85)
	at org.apache.maven.surefire.booter.ForkedBooter.runSuitesInProcess(ForkedBooter.java:115)
	at org.apache.maven.surefire.booter.ForkedBooter.main(ForkedBooter.java:75)

</system-err>
  </testcase>
  <testcase classname="pages.AdminMainMenu.TestAdminMenu" name="testNavigateToMarketingAndSalesService" time="3.046">
    <failure type="java.lang.NullPointerException">java.lang.NullPointerException
	at com.test.NIMS.pages.AdminMainMenuPage.navigateToMarketingAndSales(AdminMainMenuPage.java:41)
	at pages.AdminMainMenu.TestAdminMenu.testNavigateToMarketingAndSalesService(TestAdminMenu.java:14)
</failure>
  </testcase>
  <testcase classname="pages.AdminMainMenu.TestAdminMenu" name="testClickOnCRMRefNr" time="3.015">
    <failure type="java.lang.NullPointerException">java.lang.NullPointerException
	at com.test.NIMS.pages.AdminMainMenuPage.clickOnCRFLink(AdminMainMenuPage.java:68)
	at pages.AdminMainMenu.TestAdminMenu.testClickOnCRMRefNr(TestAdminMenu.java:33)
</failure>
  </testcase>
  <testcase classname="pages.SOWDetails.TestSOWDetails" name="testSOWOpportunityDetails" time="3.015">
    <failure type="java.lang.NullPointerException">java.lang.NullPointerException
	at com.test.NIMS.locators.SOWDetailsPageLocators.getDatePickers(SOWDetailsPageLocators.java:112)
	at com.test.NIMS.pages.SOWDetailsPage.populateSOWOpportunityDetails(SOWDetailsPage.java:24)
	at pages.SOWDetails.TestSOWDetails.testSOWOpportunityDetails(TestSOWDetails.java:16)
</failure>
  </testcase>
  <testcase classname="pages.SOWDetails.TestSOWDetails" name="testSOWDimensionDetails" time="3.015">
    <failure type="java.lang.NullPointerException">java.lang.NullPointerException
	at com.test.NIMS.pages.SOWDetailsPage.populateSOWDimensionDetails(SOWDetailsPage.java:56)
	at pages.SOWDetails.TestSOWDetails.testSOWDimensionDetails(TestSOWDetails.java:23)
</failure>
  </testcase>
  <testcase classname="pages.SOWDetails.TestSOWDetails" name="testSOWDetails" time="3.014">
    <failure type="java.lang.NullPointerException">java.lang.NullPointerException
	at com.test.NIMS.pages.SOWDetailsPage.populateSOWDetails(SOWDetailsPage.java:76)
	at pages.SOWDetails.TestSOWDetails.testSOWDetails(TestSOWDetails.java:30)
</failure>
  </testcase>
  <testcase classname="pages.SOWDetails.TestSOWDetails" name="testApprovals" time="3.015">
    <failure type="java.lang.NullPointerException">java.lang.NullPointerException
	at com.test.NIMS.pages.SOWDetailsPage.populateApprovals(SOWDetailsPage.java:213)
	at pages.SOWDetails.TestSOWDetails.testApprovals(TestSOWDetails.java:37)
</failure>
  </testcase>
  <testcase classname="pages.SOWDetails.TestSOWDetails" name="testBillingClientInformation" time="3.003">
    <failure type="java.lang.NullPointerException">java.lang.NullPointerException
	at com.test.NIMS.pages.SOWDetailsPage.populateBillingInformationDetails(SOWDetailsPage.java:232)
	at pages.SOWDetails.TestSOWDetails.testBillingClientInformation(TestSOWDetails.java:44)
</failure>
  </testcase>
  <testcase classname="pages.SOWDetails.TestSOWDetails" name="testProjectBillingInformation" time="3.001">
    <failure type="java.lang.NullPointerException">java.lang.NullPointerException
	at com.test.NIMS.pages.SOWDetailsPage.populateProjectInformationDetails(SOWDetailsPage.java:263)
	at pages.SOWDetails.TestSOWDetails.testProjectBillingInformation(TestSOWDetails.java:51)
</failure>
  </testcase>
  <testcase classname="pages.SOWDetails.TestSOWDetails" name="testTeamSplit" time="3.002">
    <failure type="java.lang.NullPointerException">java.lang.NullPointerException
	at com.test.NIMS.pages.SOWDetailsPage.populateteamSplit(SOWDetailsPage.java:295)
	at pages.SOWDetails.TestSOWDetails.testTeamSplit(TestSOWDetails.java:59)
</failure>
  </testcase>
  <testcase classname="pages.SOWDetails.TestSOWDetails" name="testSubmitSOW" time="3.006">
    <failure type="java.lang.NullPointerException">java.lang.NullPointerException
	at com.test.NIMS.pages.SOWDetailsPage.submit(SOWDetailsPage.java:396)
	at pages.SOWDetails.TestSOWDetails.testSubmitSOW(TestSOWDetails.java:69)
</failure>
  </testcase>
  <testcase classname="pages.SOWDetails.TestSearchAndApproveSOWWorkHead" name="testSearchByCRMRefNo" time="3.002">
    <failure type="java.lang.NullPointerException">java.lang.NullPointerException
	at com.test.NIMS.pages.SearchSOWDetailsPage.searchByCRMRefNo(SearchSOWDetailsPage.java:24)
	at pages.SOWDetails.TestSearchAndApproveSOWWorkHead.testSearchByCRMRefNo(TestSearchAndApproveSOWWorkHead.java:11)
</failure>
  </testcase>
  <testcase classname="pages.SOWDetails.TestSearchAndApproveSOWWorkHead" name="testApproveWorkhead" time="3.003">
    <failure type="java.lang.NullPointerException">java.lang.NullPointerException
	at com.test.NIMS.locators.SOWDetailsPageLocators.getDatePickers(SOWDetailsPageLocators.java:112)
	at com.test.NIMS.pages.SearchSOWDetailsPage.approveWorkHead(SearchSOWDetailsPage.java:131)
	at pages.SOWDetails.TestSearchAndApproveSOWWorkHead.testApproveWorkhead(TestSearchAndApproveSOWWorkHead.java:18)
</failure>
  </testcase>
</testsuite>