<?xml version="1.0" encoding="UTF-8"?>
<testng-results skipped="0" failed="0" ignored="0" total="1" passed="1">
  <reporter-output>
  </reporter-output>
  <suite name="Default suite" duration-ms="11522" started-at="2019-06-01T09:56:19Z" finished-at="2019-06-01T09:56:30Z">
    <groups>
    </groups>
    <test name="Default test" duration-ms="11522" started-at="2019-06-01T09:56:19Z" finished-at="2019-06-01T09:56:30Z">
      <class name="pages.HomePage.HomePageTitle">
        <test-method status="PASS" signature="homePageTitleTest()[pri:0, instance:pages.HomePage.HomePageTitle@5419f379]" name="homePageTitleTest" duration-ms="11504" started-at="2019-06-01T15:26:19Z" finished-at="2019-06-01T15:26:30Z">
          <reporter-output>
          </reporter-output>
        </test-method> <!-- homePageTitleTest -->
      </class> <!-- pages.HomePage.HomePageTitle -->
    </test> <!-- Default test -->
  </suite> <!-- Default suite -->
</testng-results>
