<?xml version="1.0" encoding="UTF-8"?>
<!-- Generated by org.testng.reporters.JUnitXMLReporter -->
<testsuite hostname="Vuyo-HP" ignored="0" name="Command line test" tests="1" failures="1" timestamp="12 Jun 2019 11:03:56 GMT" time="0.061" errors="0">
  <testcase name="testLogin" time="0.029" classname="pages.loginPage.LoginTest">
    <failure type="java.lang.NullPointerException">
      <![CDATA[java.lang.NullPointerException
	at pages.loginPage.LoginTest.testLogin(LoginTest.java:21)
... Removed 34 stack frames]]>
    </failure>
  </testcase> <!-- testLogin -->
</testsuite> <!-- Command line test -->
